This is pdfTeX, Version 3.141592653-2.6-1.40.22 (MiKTeX 21.6) (preloaded format=pdflatex 2021.11.14)  16 DEC 2021 15:31
entering extended mode
**./safety-critical-system-project-report.tex
(safety-critical-system-project-report.tex
LaTeX2e <2021-06-01> patch level 1
L3 programming layer <2021-10-18> (llncs.cls
Document Class: llncs 2000/03/01 v2.7 
LaTeX document class for Lecture Notes in Computer Science
(/home/pranay/.miktex/texmfs/install/tex/latex/base/article.cls
Document Class: article 2021/02/12 v1.4n Standard LaTeX document class
(/home/pranay/.miktex/texmfs/install/tex/latex/base/size10.clo
File: size10.clo 2021/02/12 v1.4n Standard LaTeX file (size option)
)
\c@part=\count182
\c@section=\count183
\c@subsection=\count184
\c@subsubsection=\count185
\c@paragraph=\count186
\c@subparagraph=\count187
\c@figure=\count188
\c@table=\count189
\abovecaptionskip=\skip47
\belowcaptionskip=\skip48
\bibindent=\dimen138
)
(/home/pranay/.miktex/texmfs/install/tex/latex/tools/multicol.sty
Package: multicol 2019/12/09 v1.8y multicolumn formatting (FMi)
\c@tracingmulticols=\count190
\mult@box=\box50
\multicol@leftmargin=\dimen139
\c@unbalance=\count191
\c@collectmore=\count192
\doublecol@number=\count193
\multicoltolerance=\count194
\multicolpretolerance=\count195
\full@width=\dimen140
\page@free=\dimen141
\premulticols=\dimen142
\postmulticols=\dimen143
\multicolsep=\skip49
\multicolbaselineskip=\skip50
\partial@page=\box51
\last@line=\box52
\maxbalancingoverflow=\dimen144
\mult@rightbox=\box53
\mult@grightbox=\box54
\mult@gfirstbox=\box55
\mult@firstbox=\box56
\@tempa=\box57
\@tempa=\box58
\@tempa=\box59
\@tempa=\box60
\@tempa=\box61
\@tempa=\box62
\@tempa=\box63
\@tempa=\box64
\@tempa=\box65
\@tempa=\box66
\@tempa=\box67
\@tempa=\box68
\@tempa=\box69
\@tempa=\box70
\@tempa=\box71
\@tempa=\box72
\@tempa=\box73
\@tempa=\box74
\@tempa=\box75
\@tempa=\box76
\@tempa=\box77
\@tempa=\box78
\@tempa=\box79
\@tempa=\box80
\@tempa=\box81
\@tempa=\box82
\@tempa=\box83
\@tempa=\box84
\@tempa=\box85
\@tempa=\box86
\@tempa=\box87
\@tempa=\box88
\@tempa=\box89
\@tempa=\box90
\@tempa=\box91
\@tempa=\box92
\@tempa=\box93
\c@minrows=\count196
\c@columnbadness=\count197
\c@finalcolumnbadness=\count198
\last@try=\dimen145
\multicolovershoot=\dimen146
\multicolundershoot=\dimen147
\mult@nat@firstbox=\box94
\colbreak@box=\box95
\mc@col@check@num=\count199
)
\c@chapter=\count266
LaTeX Font Info:    Redeclaring math symbol \Gamma on input line 197.
LaTeX Font Info:    Redeclaring math symbol \Delta on input line 198.
LaTeX Font Info:    Redeclaring math symbol \Theta on input line 199.
LaTeX Font Info:    Redeclaring math symbol \Lambda on input line 200.
LaTeX Font Info:    Redeclaring math symbol \Xi on input line 201.
LaTeX Font Info:    Redeclaring math symbol \Pi on input line 202.
LaTeX Font Info:    Redeclaring math symbol \Sigma on input line 203.
LaTeX Font Info:    Redeclaring math symbol \Upsilon on input line 204.
LaTeX Font Info:    Redeclaring math symbol \Phi on input line 205.
LaTeX Font Info:    Redeclaring math symbol \Psi on input line 206.
LaTeX Font Info:    Redeclaring math symbol \Omega on input line 207.
\tocchpnum=\dimen148
\tocsecnum=\dimen149
\tocsectotal=\dimen150
\tocsubsecnum=\dimen151
\tocsubsectotal=\dimen152
\tocsubsubsecnum=\dimen153
\tocsubsubsectotal=\dimen154
\tocparanum=\dimen155
\tocparatotal=\dimen156
\tocsubparanum=\dimen157
\@tempcntc=\count267
\fnindent=\dimen158
\c@@inst=\count268
\c@@auth=\count269
\c@auco=\count270
\instindent=\dimen159
\authrun=\box96
\authorrunning=\toks16
\tocauthor=\toks17
\titrun=\box97
\titlerunning=\toks18
\toctitle=\toks19
\c@theorem=\count271
\c@case=\count272
\c@conjecture=\count273
\c@corollary=\count274
\c@definition=\count275
\c@example=\count276
\c@exercise=\count277
\c@lemma=\count278
\c@note=\count279
\c@problem=\count280
\c@property=\count281
\c@proposition=\count282
\c@question=\count283
\c@solution=\count284
\c@remark=\count285
\headlineindent=\dimen160
)
(/home/pranay/.miktex/texmfs/install/tex/latex/tools/enumerate.sty
Package: enumerate 2015/07/23 v3.00 enumerate extensions (DPC)
\@enLab=\toks20
)
(/home/pranay/.miktex/texmfs/install/tex/latex/graphics/graphicx.sty
Package: graphicx 2020/12/05 v1.2c Enhanced LaTeX Graphics (DPC,SPQR)

(/home/pranay/.miktex/texmfs/install/tex/latex/graphics/keyval.sty
Package: keyval 2014/10/28 v1.15 key=value parser (DPC)
\KV@toks@=\toks21
)
(/home/pranay/.miktex/texmfs/install/tex/latex/graphics/graphics.sty
Package: graphics 2021/03/04 v1.4d Standard LaTeX Graphics (DPC,SPQR)

(/home/pranay/.miktex/texmfs/install/tex/latex/graphics/trig.sty
Package: trig 2016/01/03 v1.10 sin cos tan (DPC)
)
(/home/pranay/.miktex/texmfs/install/tex/latex/graphics-cfg/graphics.cfg
File: graphics.cfg 2016/06/04 v1.11 sample graphics configuration
)
Package graphics Info: Driver file: pdftex.def on input line 107.

(/home/pranay/.miktex/texmfs/install/tex/latex/graphics-def/pdftex.def
File: pdftex.def 2020/10/05 v1.2a Graphics/color driver for pdftex
))
\Gin@req@height=\dimen161
\Gin@req@width=\dimen162
)
(/home/pranay/.miktex/texmfs/install/tex/latex/amsmath/amsmath.sty
Package: amsmath 2021/04/20 v2.17j AMS math features
\@mathmargin=\skip51

For additional information on amsmath, use the `?' option.
(/home/pranay/.miktex/texmfs/install/tex/latex/amsmath/amstext.sty
Package: amstext 2000/06/29 v2.01 AMS text

(/home/pranay/.miktex/texmfs/install/tex/latex/amsmath/amsgen.sty
File: amsgen.sty 1999/11/30 v2.0 generic functions
\@emptytoks=\toks22
\ex@=\dimen163
))
(/home/pranay/.miktex/texmfs/install/tex/latex/amsmath/amsbsy.sty
Package: amsbsy 1999/11/29 v1.2d Bold Symbols
\pmbraise@=\dimen164
)
(/home/pranay/.miktex/texmfs/install/tex/latex/amsmath/amsopn.sty
Package: amsopn 2016/03/08 v2.02 operator names
)
\inf@bad=\count286
LaTeX Info: Redefining \frac on input line 234.
\uproot@=\count287
\leftroot@=\count288
LaTeX Info: Redefining \overline on input line 399.
\classnum@=\count289
\DOTSCASE@=\count290
LaTeX Info: Redefining \ldots on input line 496.
LaTeX Info: Redefining \dots on input line 499.
LaTeX Info: Redefining \cdots on input line 620.
\Mathstrutbox@=\box98
\strutbox@=\box99
\big@size=\dimen165
LaTeX Font Info:    Redeclaring font encoding OML on input line 743.
LaTeX Font Info:    Redeclaring font encoding OMS on input line 744.
\macc@depth=\count291
\c@MaxMatrixCols=\count292
\dotsspace@=\muskip16
\c@parentequation=\count293
\dspbrk@lvl=\count294
\tag@help=\toks23
\row@=\count295
\column@=\count296
\maxfields@=\count297
\andhelp@=\toks24
\eqnshift@=\dimen166
\alignsep@=\dimen167
\tagshift@=\dimen168
\tagwidth@=\dimen169
\totwidth@=\dimen170
\lineht@=\dimen171
\@envbody=\toks25
\multlinegap=\skip52
\multlinetaggap=\skip53
\mathdisplay@stack=\toks26
LaTeX Info: Redefining \[ on input line 2923.
LaTeX Info: Redefining \] on input line 2924.
)
(/home/pranay/.miktex/texmfs/install/tex/latex/amsfonts/amssymb.sty
Package: amssymb 2013/01/14 v3.01 AMS font symbols

(/home/pranay/.miktex/texmfs/install/tex/latex/amsfonts/amsfonts.sty
Package: amsfonts 2013/01/14 v3.01 Basic AMSFonts support
\symAMSa=\mathgroup4
\symAMSb=\mathgroup5
LaTeX Font Info:    Redeclaring math symbol \hbar on input line 98.
LaTeX Font Info:    Overwriting math alphabet `\mathfrak' in version `bold'
(Font)                  U/euf/m/n --> U/euf/b/n on input line 106.
))
(/home/pranay/.miktex/texmfs/install/tex/latex/algorithms/algorithm.sty
Package: algorithm 2009/08/24 v0.1 Document Style `algorithm' - floating enviro
nment

(/home/pranay/.miktex/texmfs/install/tex/latex/float/float.sty
Package: float 2001/11/08 v1.3d Float enhancements (AL)
\c@float@type=\count298
\float@exts=\toks27
\float@box=\box100
\@float@everytoks=\toks28
\@floatcapt=\box101
)
(/home/pranay/.miktex/texmfs/install/tex/latex/base/ifthen.sty
Package: ifthen 2020/11/24 v1.1c Standard LaTeX ifthen package (DPC)
)
\@float@every@algorithm=\toks29
\c@algorithm=\count299
)
(/home/pranay/.miktex/texmfs/install/tex/latex/lipsum/lipsum.sty
(/home/pranay/.miktex/texmfs/install/tex/latex/l3packages/l3keys2e/l3keys2e.sty
(/home/pranay/.miktex/texmfs/install/tex/latex/l3kernel/expl3.sty
Package: expl3 2021-10-18 L3 programming layer (loader) 

(/home/pranay/.miktex/texmfs/install/tex/latex/l3backend/l3backend-pdftex.def
File: l3backend-pdftex.def 2021-10-18 L3 backend support: PDF output (pdfTeX)
\l__color_backend_stack_int=\count300
\l__pdf_internal_box=\box102
))
Package: l3keys2e 2021-08-27 LaTeX2e option processing using LaTeX3 keys
)
Package: lipsum 2021-09-20 v2.7 150 paragraphs of Lorem Ipsum dummy text
\g__lipsum_par_int=\count301
\l__lipsum_a_int=\count302
\l__lipsum_b_int=\count303
 (/home/pranay/.miktex/texmfs/install/tex/latex/lipsum/lipsum.ltd.tex))
(/home/pranay/.miktex/texmfs/install/tex/latex/algorithmicx/algpseudocode.sty
Package: algpseudocode 

(/home/pranay/.miktex/texmfs/install/tex/latex/algorithmicx/algorithmicx.sty
Package: algorithmicx 2005/04/27 v1.2 Algorithmicx

Document Style algorithmicx 1.2 - a greatly improved `algorithmic' style
\c@ALG@line=\count304
\c@ALG@rem=\count305
\c@ALG@nested=\count306
\ALG@tlm=\skip54
\ALG@thistlm=\skip55
\c@ALG@Lnr=\count307
\c@ALG@blocknr=\count308
\c@ALG@storecount=\count309
\c@ALG@tmpcounter=\count310
\ALG@tmplength=\skip56
)
Document Style - pseudocode environments for use with the `algorithmicx' style
) (safety-critical-system-project-report.aux)
\openout1 = `safety-critical-system-project-report.aux'.

LaTeX Font Info:    Checking defaults for OML/cmm/m/it on input line 25.
LaTeX Font Info:    ... okay on input line 25.
LaTeX Font Info:    Checking defaults for OMS/cmsy/m/n on input line 25.
LaTeX Font Info:    ... okay on input line 25.
LaTeX Font Info:    Checking defaults for OT1/cmr/m/n on input line 25.
LaTeX Font Info:    ... okay on input line 25.
LaTeX Font Info:    Checking defaults for T1/cmr/m/n on input line 25.
LaTeX Font Info:    ... okay on input line 25.
LaTeX Font Info:    Checking defaults for TS1/cmr/m/n on input line 25.
LaTeX Font Info:    ... okay on input line 25.
LaTeX Font Info:    Checking defaults for OMX/cmex/m/n on input line 25.
LaTeX Font Info:    ... okay on input line 25.
LaTeX Font Info:    Checking defaults for U/cmr/m/n on input line 25.
LaTeX Font Info:    ... okay on input line 25.

(/home/pranay/.miktex/texmfs/install/tex/context/base/mkii/supp-pdf.mkii
[Loading MPS to PDF converter (version 2006.09.02).]
\scratchcounter=\count311
\scratchdimen=\dimen172
\scratchbox=\box103
\nofMPsegments=\count312
\nofMParguments=\count313
\everyMPshowfont=\toks30
\MPscratchCnt=\count314
\MPscratchDim=\dimen173
\MPnumerator=\count315
\makeMPintoPDFobject=\count316
\everyMPtoPDFconversion=\toks31
) (/home/pranay/.miktex/texmfs/install/tex/latex/epstopdf-pkg/epstopdf-base.sty
Package: epstopdf-base 2020-01-24 v2.11 Base part for package epstopdf
(/home/pranay/.miktex/texmfs/install/tex/generic/infwarerr/infwarerr.sty
Package: infwarerr 2019/12/03 v1.5 Providing info/warning/error messages (HO)
)
(/home/pranay/.miktex/texmfs/install/tex/latex/grfext/grfext.sty
Package: grfext 2019/12/03 v1.3 Manage graphics extensions (HO)

(/home/pranay/.miktex/texmfs/install/tex/generic/kvdefinekeys/kvdefinekeys.sty
Package: kvdefinekeys 2019-12-19 v1.6 Define keys (HO)
)) (/home/pranay/.miktex/texmfs/install/tex/latex/kvoptions/kvoptions.sty
Package: kvoptions 2020-10-07 v3.14 Key value format for package options (HO)

(/home/pranay/.miktex/texmfs/install/tex/generic/ltxcmds/ltxcmds.sty
Package: ltxcmds 2020-05-10 v1.25 LaTeX kernel commands for general use (HO)
)
(/home/pranay/.miktex/texmfs/install/tex/generic/kvsetkeys/kvsetkeys.sty
Package: kvsetkeys 2019/12/15 v1.18 Key value parser (HO)
))
(/home/pranay/.miktex/texmfs/install/tex/generic/pdftexcmds/pdftexcmds.sty
Package: pdftexcmds 2020-06-27 v0.33 Utility functions of pdfTeX for LuaTeX (HO
)

(/home/pranay/.miktex/texmfs/install/tex/generic/iftex/iftex.sty
Package: iftex 2020/03/06 v1.0d TeX engine tests
)
Package pdftexcmds Info: \pdf@primitive is available.
Package pdftexcmds Info: \pdf@ifprimitive is available.
Package pdftexcmds Info: \pdfdraftmode found.
)
Package epstopdf-base Info: Redefining graphics rule for `.eps' on input line 4
85.
Package grfext Info: Graphics extension search list:
(grfext)             [.pdf,.png,.jpg,.mps,.jpeg,.jbig2,.jb2,.PDF,.PNG,.JPG,.JPE
G,.JBIG2,.JB2,.eps]
(grfext)             \AppendGraphicsExtensions on input line 504.

(/home/pranay/.miktex/texmfs/install/tex/latex/00miktex/epstopdf-sys.cfg
File: epstopdf-sys.cfg 2021/03/18 v2.0 Configuration of epstopdf for MiKTeX
))
LaTeX Font Info:    Trying to load font information for U+msa on input line 27.


(/home/pranay/.miktex/texmfs/install/tex/latex/amsfonts/umsa.fd
File: umsa.fd 2013/01/14 v3.01 AMS symbols A
)
LaTeX Font Info:    Trying to load font information for U+msb on input line 27.


(/home/pranay/.miktex/texmfs/install/tex/latex/amsfonts/umsb.fd
File: umsb.fd 2013/01/14 v3.01 AMS symbols B
)
(sections/introduction.tex
Overfull \hbox (2.0437pt too wide) in paragraph at lines 2--5
\OT1/cmr/m/n/10 Predictive maintenance is a technique that uses data analysis t
ools and techniques
 []

) (sections/process-model.tex)
Overfull \hbox (4.84932pt too wide) in paragraph at lines 2--39
\OT1/cmr/m/n/10 Agile-Scrum software development: Scrum is an agile methodology
 where products
 []

(sections/team-organization.tex) (sections/task-distribution.tex) [1

{/home/pranay/.miktex/texmfs/data/pdftex/config/pdftex.map}]
(sections/requirement-management.tex) (sections/use-case.tex
Underfull \hbox (badness 10000) in paragraph at lines 3--5

 []


Underfull \hbox (badness 10000) in paragraph at lines 6--7

 []


Overfull \hbox (9.15489pt too wide) in paragraph at lines 8--9
[]\OT1/cmr/m/n/10 Vibration condition monitoring can be utilized as a technique
 for early detection
 []


Underfull \hbox (badness 10000) in paragraph at lines 8--9

 []

[2]
Underfull \hbox (badness 10000) in paragraph at lines 12--18

 []


Underfull \hbox (badness 10000) in paragraph at lines 20--26

 []


Overfull \hbox (15.23917pt too wide) in paragraph at lines 27--33
\OT1/cmr/bx/n/10 Description: \OT1/cmr/m/n/10 The application will inform the u
ser if the gearbox needs maintenance. 
 []


Underfull \hbox (badness 10000) in paragraph at lines 27--33

 []


Underfull \hbox (badness 10000) in paragraph at lines 34--40

 []

[3]
Underfull \hbox (badness 10000) in paragraph at lines 41--47

 []

)
Underfull \hbox (badness 10000) in paragraph at lines 48--51

 []

(sections/lists.tex) (sections/milestone.tex
<images/milestone.png, id=15, 1100.11pt x 175.65625pt>
File: images/milestone.png Graphic file (type png)
<use images/milestone.png>
Package pdftex.def Info: images/milestone.png  used on input line 5.
(pdftex.def)             Requested size: 416.54718pt x 66.5115pt.

Overfull \hbox (69.42365pt too wide) in paragraph at lines 5--6
 [][] 
 []

[4]) (sections/risks.tex) (sections/requirement.tex) [5 <./images/milestone.png
>] (sections/effort.tex
Overfull \hbox (30.53271pt too wide) in paragraph at lines 4--14
 [] 
 []


! Package inputenc Error: Unicode character ∑ (U+2211)
(inputenc)                not set up for use with LaTeX.

See the inputenc package documentation for explanation.
Type  H <return>  for immediate help.
 ...                                              
                                                  
l.39  CAF = $0.65+ (0.01 * $∑
                               Fi$)$ \\
You may provide a definition with
\DeclareUnicodeCharacter 


Underfull \hbox (badness 10000) in paragraph at lines 39--40

 []


Underfull \hbox (badness 10000) in paragraph at lines 42--43

 []

) [6] (sections/cost-model.tex
<images/cost-model.png, id=28, 1142.2675pt x 771.88374pt>
File: images/cost-model.png Graphic file (type png)
<use images/cost-model.png>
Package pdftex.def Info: images/cost-model.png  used on input line 5.
(pdftex.def)             Requested size: 485.97083pt x 328.39369pt.

Overfull \hbox (138.84729pt too wide) in paragraph at lines 5--6
[][] 
 []

) [7 <./images/cost-model.png>] (sections/data-flow.tex
<images/DataFlowDiagramLvl0.png, id=35, 412.54124pt x 319.1925pt>
File: images/DataFlowDiagramLvl0.png Graphic file (type png)
<use images/DataFlowDiagramLvl0.png>
Package pdftex.def Info: images/DataFlowDiagramLvl0.png  used on input line 5.
(pdftex.def)             Requested size: 416.54718pt x 322.2942pt.

Overfull \hbox (69.42365pt too wide) in paragraph at lines 5--6
 [][] 
 []

<images/DataFlowDiagramLvl1.png, id=36, 630.355pt x 501.875pt>
File: images/DataFlowDiagramLvl1.png Graphic file (type png)
<use images/DataFlowDiagramLvl1.png>
Package pdftex.def Info: images/DataFlowDiagramLvl1.png  used on input line 12.

(pdftex.def)             Requested size: 416.54718pt x 331.6444pt.

Overfull \hbox (69.42365pt too wide) in paragraph at lines 12--13
 [][] 
 []

) [8 <./images/DataFlowDiagramLvl0.png>] [9 <./images/DataFlowDiagramLvl1.png>]
(sections/control-flow.tex
<images/control-flow-diagram.png, id=45, 864.22874pt x 811.03pt>
File: images/control-flow-diagram.png Graphic file (type png)
<use images/control-flow-diagram.png>
Package pdftex.def Info: images/control-flow-diagram.png  used on input line 5.

(pdftex.def)             Requested size: 416.54718pt x 390.89876pt.

Overfull \hbox (69.42365pt too wide) in paragraph at lines 5--6
 [][] 
 []

) [10 <./images/control-flow-diagram.png>] (sections/use-case-dia.tex
<images/use-case-diagram.png, id=50, 1138.2525pt x 715.67375pt>
File: images/use-case-diagram.png Graphic file (type png)
<use images/use-case-diagram.png>
Package pdftex.def Info: images/use-case-diagram.png  used on input line 5.
(pdftex.def)             Requested size: 416.54718pt x 261.90126pt.

Overfull \hbox (69.42365pt too wide) in paragraph at lines 5--6
 [][] 
 []

) [11 <./images/use-case-diagram.png>] (sections/seq-dia.tex
<images/sequence-diagram.png, id=55, 1024.82875pt x 640.3925pt>
File: images/sequence-diagram.png Graphic file (type png)
<use images/sequence-diagram.png>
Package pdftex.def Info: images/sequence-diagram.png  used on input line 6.
(pdftex.def)             Requested size: 416.54718pt x 260.28584pt.

Overfull \hbox (69.42365pt too wide) in paragraph at lines 6--7
 [][] 
 []

) [12 <./images/sequence-diagram.png>] (sections/architecture.tex
<images/system-architecture.png, id=60, 1039.885pt x 529.98pt>
File: images/system-architecture.png Graphic file (type png)
<use images/system-architecture.png>
Package pdftex.def Info: images/system-architecture.png  used on input line 5.
(pdftex.def)             Requested size: 416.54718pt x 212.29553pt.

Overfull \hbox (69.42365pt too wide) in paragraph at lines 5--6
 [][] 
 []

) [13 <./images/system-architecture.png>] (sections/hazard.tex
<images/hazard-analysis.png, id=66, 812.03375pt x 669.50125pt>
File: images/hazard-analysis.png Graphic file (type png)
<use images/hazard-analysis.png>
Package pdftex.def Info: images/hazard-analysis.png  used on input line 5.
(pdftex.def)             Requested size: 416.54718pt x 343.42297pt.

Overfull \hbox (69.42365pt too wide) in paragraph at lines 5--6
 [][] 
 []

) [14 <./images/hazard-analysis.png>] (sections/safety.tex
Overfull \hbox (4.18257pt too wide) in paragraph at lines 2--3
\OT1/cmr/m/n/10 hazard analysis results when it is subjected to specific enviro
nmental and technical
 []


Underfull \hbox (badness 10000) in paragraph at lines 2--3

 []

[15]
Overfull \hbox (5.12706pt too wide) in paragraph at lines 78--79
[]\OT1/cmr/m/n/10 Hardware issues or deadlocks arising due to improper transact
ion management 
 []


Overfull \hbox (7.84927pt too wide) in paragraph at lines 85--86
[]\OT1/cmr/m/n/10 Ensure orderly execution of optimized queries to avoid deadlo
cks and scheduled
 []


Overfull \hbox (15.73816pt too wide) in paragraph at lines 86--87
[]\OT1/cmr/m/n/10 Scheduled maintenance checks should be carried out to ensure 
proper functioning
 []

[16]) (sections/question.tex
Overfull \hbox (53.84819pt too wide) in paragraph at lines 2--3
\OT1/cmr/m/n/10 Theoretic Mischance Modelling and Processes (STAMP) has been ut
ilized in different zones to
 []

[17]
Overfull \hbox (19.57147pt too wide) in paragraph at lines 5--6
[]\OT1/cmr/m/n/10 Leveson published Systems-Theoretic Accident Modeling and Pro
cesses (STAMP)
 []


Overfull \hbox (19.51596pt too wide) in paragraph at lines 15--16
\OT1/cmr/m/n/10 assessment). They impose patterns on accidents in accident inve
stigations, influencing
 []


Underfull \vbox (badness 10000) has occurred while \output is active []

 [18]
Overfull \hbox (5.34929pt too wide) in paragraph at lines 24--25
\OT1/cmr/m/n/10 than engineering strategies to deal with it are being developed
. When outdated
 []


Overfull \hbox (7.37694pt too wide) in paragraph at lines 26--27
[]\OT1/cmr/m/n/10 Decrease in Single-accident tolerance: As the cost and potent
ial destructiveness
 []


Overfull \hbox (1.43271pt too wide) in paragraph at lines 28--29
\OT1/cmr/m/n/10 moving from the individual to the government in our increasingl
y complicated
 []


Overfull \hbox (8.15489pt too wide) in paragraph at lines 28--29
\OT1/cmr/m/n/10 stronger role in regulating behavior through laws and other typ
es of supervision
 []


Overfull \hbox (9.21042pt too wide) in paragraph at lines 29--30
[]\OT1/cmr/m/n/10 ncrease in complexity and coupling: The majority of the eleme
nts of complexity,
 []


Overfull \hbox (13.12703pt too wide) in paragraph at lines 29--30
\OT1/cmr/m/n/10 particularly interactive complexity, are rising in the systems 
we are constructing.
 []


Overfull \hbox (2.96043pt too wide) in paragraph at lines 29--30
\OT1/cmr/m/n/10 can't be completely planned, understood, predicted, or avoided.
 Some systems
 []


Overfull \hbox (5.48822pt too wide) in paragraph at lines 29--30
\OT1/cmr/m/n/10 control in systems with a large number of dynamically interacti
ng components,
 []

[19]
Overfull \hbox (0.68268pt too wide) in paragraph at lines 36--38
\OT1/cmr/m/n/10 interactions among system components are not adequately handled
 by the control
 []

)
Overfull \hbox (3.12944pt too wide) in paragraph at lines 56--96
[]\OT1/cmr/bx/n/10 The Central Role of Constraints in System Safety \OT1/cmr/m/
n/10 Safety is an emergent
 []


Overfull \hbox (3.59924pt too wide) in paragraph at lines 56--96
\OT1/cmr/m/n/10 behavior of the system components govern or enforce emergent fe
atures. Accidents
 []

[20] [21] (safety-critical-system-project-report.aux) ) 
Here is how much of TeX's memory you used:
 4501 strings out of 480844
 71082 string characters out of 2903615
 460248 words of memory out of 3000000
 22003 multiletter control sequences out of 15000+600000
 407254 words of font info for 42 fonts, out of 8000000 for 9000
 0 hyphenation exceptions out of 8191
 70i,7n,81p,1297b,249s stack positions out of 5000i,500n,10000p,200000b,80000s
</home/pranay/.miktex/te
xmfs/install/fonts/type1/public/amsfonts/cm/cmbx10.pfb></home/pranay/.miktex/te
xmfs/install/fonts/type1/public/amsfonts/cm/cmbx12.pfb></home/pranay/.miktex/te
xmfs/install/fonts/type1/public/amsfonts/cm/cmbx9.pfb></home/pranay/.miktex/tex
mfs/install/fonts/type1/public/amsfonts/cm/cmmi10.pfb></home/pranay/.miktex/tex
mfs/install/fonts/type1/public/amsfonts/cm/cmr10.pfb></home/pranay/.miktex/texm
fs/install/fonts/type1/public/amsfonts/cm/cmr9.pfb></home/pranay/.miktex/texmfs
/install/fonts/type1/public/amsfonts/cm/cmsy10.pfb>
Output written on safety-critical-system-project-report.pdf (21 pages, 922372 b
ytes).
PDF statistics:
 123 PDF objects out of 1000 (max. 8388607)
 0 named destinations out of 1000 (max. 500000)
 46 words of extra memory for PDF output out of 10000 (max. 10000000)

